This file contains any messages produced by compilers while
running configure, to aid debugging if configure makes a mistake.

It was created by configure, which was
generated by GNU Autoconf 2.69.  Invocation command line was

  $ ./configure --prefix=/denis_user/local/sicstus4.6.0 --with-tcltkversion=8.5 --enable-tcltk-version-fallback --with-java --enable-64bit --enable-jit --with-bdbversion=5.3.21 --cache-file=/dev/null

## --------- ##
## Platform. ##
## --------- ##

hostname = DESKTOP-0N9CJB5
uname -m = x86_64
uname -r = 5.15.167.4-microsoft-standard-WSL2
uname -s = Linux
uname -v = #1 SMP Tue Nov 5 00:21:55 UTC 2024

/usr/bin/uname -p = x86_64
/bin/uname -X     = unknown

/bin/arch              = x86_64
/usr/bin/arch -k       = unknown
/usr/convex/getsysinfo = unknown
/usr/bin/hostinfo      = unknown
/bin/machine           = unknown
/usr/bin/oslevel       = unknown
/bin/universe          = unknown

PATH: /usr/local/sbin
PATH: /usr/local/bin
PATH: /usr/sbin
PATH: /usr/bin
PATH: /sbin
PATH: /bin
PATH: /snap/bin


## ----------- ##
## Core tests. ##
## ----------- ##

configure:2804: The original platform is x86_64-linux-glibc2.39
configure:2870: checking whether 64bit is enabled
configure:2872: result: yes
configure:3002: checking for 32/64 bit specific platform name
configure:3004: result: x86_64-linux-glibc2.39
configure:3069: checking for executable and object file extensions
configure:3084: result: "" and ".o"
configure:3091: checking whether this is a pre-built installation
configure:3094: result: 
configure:3116: checking for sort
configure:3135: found /bin/sort
configure:3147: result: /bin/sort
configure:3160: checking for uname
configure:3178: found /usr/bin/uname
configure:3190: result: /usr/bin/uname
configure:3200: checking for POSIX compliant grep
configure:3215: result: /usr/bin/grep
configure:3265: checking for POSIX compliant shell
configure:3284: result: /usr/bin/sh
configure:3337: checking for bash
configure:3355: found /usr/bin/bash
configure:3367: result: /usr/bin/bash
configure:3404: checking debugging
configure:3411: result: yes
configure:3419: checking new debug flag policy
configure:3435: result: yes
configure:3467: checking whether this is a release build
configure:3489: result: yes
configure:3525: checking SICStus version
configure:3527: result: 4.6.0
configure:3542: checking version specific name for SP_get_dispatch
configure:3550: result: SP_get_dispatch_40600
configure:3561: checking whether bracketing should be avoided in the argument to prefix minus
configure:3576: result: no
configure:3582: checking whether clause/2 et al. should hide the non-ISO-compliant rewriting we do
configure:3608: result: yes (ISO 13322-1 compatible)
configure:3619: checking whether clause/2 et al. should hide the module wrapping of meta argument done in callers
configure:3645: result: yes (ISO 13322-1 compatible)
configure:3671: checking for CYGPATH
configure:3673: result: echo
configure:3675: checking for CYGPATHBACKSLASH
configure:3677: result: echo
configure:3679: checking for NATIVEPATH
configure:3681: result: $(strip $(1))
configure:3683: checking for NATIVEPATHBACKSLASH
configure:3685: result: $(strip $(1))
configure:3834: checking for make
configure:3852: found /usr/bin/make
configure:3864: result: /usr/bin/make
configure:3873: checking whether /usr/bin/make sets $(MAKE)
configure:3895: result: yes
configure:3939: checking testsuite
configure:3951: result: yes
configure:3974: checking default C-compiler
configure:3989: result: no
configure:3996: checking default C++ compiler
configure:4021: result: no
configure:4063: checking Path to Mono binaries
configure:4074: result: none
configure:4088: checking for dotnet
configure:4122: result: no
configure:4158: checking for csc
configure:4192: result: no
configure:4257: checking default C# compiler
configure:4261: result: disabled
configure:4325: checking for gcc
configure:4341: found /usr/bin/gcc
configure:4352: result: gcc
configure:4581: checking for C compiler version
configure:4590: gcc --version >&5
gcc (Ubuntu 13.3.0-6ubuntu2~24.04) 13.3.0
Copyright (C) 2023 Free Software Foundation, Inc.
This is free software; see the source for copying conditions.  There is NO
warranty; not even for MERCHANTABILITY or FITNESS FOR A PARTICULAR PURPOSE.

configure:4601: $? = 0
configure:4590: gcc -v >&5
Using built-in specs.
COLLECT_GCC=gcc
COLLECT_LTO_WRAPPER=/usr/libexec/gcc/x86_64-linux-gnu/13/lto-wrapper
OFFLOAD_TARGET_NAMES=nvptx-none:amdgcn-amdhsa
OFFLOAD_TARGET_DEFAULT=1
Target: x86_64-linux-gnu
Configured with: ../src/configure -v --with-pkgversion='Ubuntu 13.3.0-6ubuntu2~24.04' --with-bugurl=file:///usr/share/doc/gcc-13/README.Bugs --enable-languages=c,ada,c++,go,d,fortran,objc,obj-c++,m2 --prefix=/usr --with-gcc-major-version-only --program-suffix=-13 --program-prefix=x86_64-linux-gnu- --enable-shared --enable-linker-build-id --libexecdir=/usr/libexec --without-included-gettext --enable-threads=posix --libdir=/usr/lib --enable-nls --enable-bootstrap --enable-clocale=gnu --enable-libstdcxx-debug --enable-libstdcxx-time=yes --with-default-libstdcxx-abi=new --enable-libstdcxx-backtrace --enable-gnu-unique-object --disable-vtable-verify --enable-plugin --enable-default-pie --with-system-zlib --enable-libphobos-checking=release --with-target-system-zlib=auto --enable-objc-gc=auto --enable-multiarch --disable-werror --enable-cet --with-arch-32=i686 --with-abi=m64 --with-multilib-list=m32,m64,mx32 --enable-multilib --with-tune=generic --enable-offload-targets=nvptx-none=/build/gcc-13-fG75Ri/gcc-13-13.3.0/debian/tmp-nvptx/usr,amdgcn-amdhsa=/build/gcc-13-fG75Ri/gcc-13-13.3.0/debian/tmp-gcn/usr --enable-offload-defaulted --without-cuda-driver --enable-checking=release --build=x86_64-linux-gnu --host=x86_64-linux-gnu --target=x86_64-linux-gnu --with-build-config=bootstrap-lto-lean --enable-link-serialization=2
Thread model: posix
Supported LTO compression algorithms: zlib zstd
gcc version 13.3.0 (Ubuntu 13.3.0-6ubuntu2~24.04) 
... rest of stderr output deleted ...
configure:4601: $? = 0
configure:4590: gcc -V >&5
gcc: error: unrecognized command-line option '-V'
gcc: fatal error: no input files
compilation terminated.
configure:4601: $? = 1
configure:4590: gcc -qversion >&5
gcc: error: unrecognized command-line option '-qversion'; did you mean '--version'?
gcc: fatal error: no input files
compilation terminated.
configure:4601: $? = 1
configure:4621: checking whether the C compiler works
configure:4643: gcc    conftest.c  >&5
configure:4647: $? = 0
configure:4695: result: yes
configure:4698: checking for C compiler default output file name
configure:4700: result: a.out
configure:4706: checking for suffix of executables
configure:4713: gcc -o conftest    conftest.c  >&5
configure:4717: $? = 0
configure:4739: result: 
configure:4761: checking whether we are cross compiling
configure:4769: gcc -o conftest    conftest.c  >&5
configure:4773: $? = 0
configure:4780: ./conftest
configure:4784: $? = 0
configure:4799: result: no
configure:4804: checking for suffix of object files
configure:4851: result: o
configure:4855: checking whether we are using the GNU C compiler
configure:4874: gcc -c   conftest.c >&5
configure:4874: $? = 0
configure:4883: result: yes
configure:4892: checking whether gcc accepts -g
configure:4912: gcc -c -g  conftest.c >&5
configure:4912: $? = 0
configure:4953: result: yes
configure:4970: checking for gcc option to accept ISO C89
configure:5033: gcc  -c -g -O2  conftest.c >&5
configure:5033: $? = 0
configure:5046: result: none needed
configure:5068: checking whether gcc (gcc) is really Intel icc
configure:5084: gcc -c -g -O2  conftest.c >&5
conftest.c: In function 'main':
conftest.c:27:6: error: unknown type name 'not'
   27 |      not intel compiler
      |      ^~~
conftest.c:27:16: error: expected '=', ',', ';', 'asm' or '__attribute__' before 'compiler'
   27 |      not intel compiler
      |                ^~~~~~~~
configure:5084: $? = 1
configure: failed program was:
| /* confdefs.h */
| #define PACKAGE_NAME ""
| #define PACKAGE_TARNAME ""
| #define PACKAGE_VERSION ""
| #define PACKAGE_STRING ""
| #define PACKAGE_BUGREPORT ""
| #define PACKAGE_URL ""
| #define SP_NEW_DBG_POLICY 1
| #define SICSTUS_RELEASE_BUILD 1
| #define SICSTUS_MAJOR_VERSION 4
| #define SICSTUS_MINOR_VERSION 6
| #define SICSTUS_REVISION_VERSION 0
| #define SICSTUS_BETA_VERSION 0
| #define SICSTUS_VERSION_STRING "4.6.0"
| #define SICSTUS_VERSION  40600
| #define SP_GET_DISPATCH_NAME  SP_get_dispatch_40600
| #define SP_CLAUSE_ISO_BODY 1
| #define SP_CLAUSE_ISO_BODY_NO_META_ARGUMENT_WRAPPING 1
| #define RTKERNEL_INSTANCE_TEMPLATE_STRING "libsprt4-6-0-instance-XX"
| #define RELEASE_YEAR 2025
| /* end confdefs.h.  */
| 
| int
| main ()
| {
| #ifndef __INTEL_COMPILER
|      not intel compiler
|     #endif
|   ;
|   return 0;
| }
configure:5090: result: no
configure:5093: checking whether gcc (gcc) is really clang
configure:5104: result: no
configure:5213: checking how to run the C preprocessor
configure:5244: gcc -E  conftest.c
configure:5244: $? = 0
configure:5258: gcc -E  conftest.c
conftest.c:22:10: fatal error: ac_nonexistent.h: No such file or directory
   22 | #include <ac_nonexistent.h>
      |          ^~~~~~~~~~~~~~~~~~
compilation terminated.
configure:5258: $? = 1
configure: failed program was:
| /* confdefs.h */
| #define PACKAGE_NAME ""
| #define PACKAGE_TARNAME ""
| #define PACKAGE_VERSION ""
| #define PACKAGE_STRING ""
| #define PACKAGE_BUGREPORT ""
| #define PACKAGE_URL ""
| #define SP_NEW_DBG_POLICY 1
| #define SICSTUS_RELEASE_BUILD 1
| #define SICSTUS_MAJOR_VERSION 4
| #define SICSTUS_MINOR_VERSION 6
| #define SICSTUS_REVISION_VERSION 0
| #define SICSTUS_BETA_VERSION 0
| #define SICSTUS_VERSION_STRING "4.6.0"
| #define SICSTUS_VERSION  40600
| #define SP_GET_DISPATCH_NAME  SP_get_dispatch_40600
| #define SP_CLAUSE_ISO_BODY 1
| #define SP_CLAUSE_ISO_BODY_NO_META_ARGUMENT_WRAPPING 1
| #define RTKERNEL_INSTANCE_TEMPLATE_STRING "libsprt4-6-0-instance-XX"
| #define RELEASE_YEAR 2025
| /* end confdefs.h.  */
| #include <ac_nonexistent.h>
configure:5283: result: gcc -E
configure:5303: gcc -E  conftest.c
configure:5303: $? = 0
configure:5317: gcc -E  conftest.c
conftest.c:22:10: fatal error: ac_nonexistent.h: No such file or directory
   22 | #include <ac_nonexistent.h>
      |          ^~~~~~~~~~~~~~~~~~
compilation terminated.
configure:5317: $? = 1
configure: failed program was:
| /* confdefs.h */
| #define PACKAGE_NAME ""
| #define PACKAGE_TARNAME ""
| #define PACKAGE_VERSION ""
| #define PACKAGE_STRING ""
| #define PACKAGE_BUGREPORT ""
| #define PACKAGE_URL ""
| #define SP_NEW_DBG_POLICY 1
| #define SICSTUS_RELEASE_BUILD 1
| #define SICSTUS_MAJOR_VERSION 4
| #define SICSTUS_MINOR_VERSION 6
| #define SICSTUS_REVISION_VERSION 0
| #define SICSTUS_BETA_VERSION 0
| #define SICSTUS_VERSION_STRING "4.6.0"
| #define SICSTUS_VERSION  40600
| #define SP_GET_DISPATCH_NAME  SP_get_dispatch_40600
| #define SP_CLAUSE_ISO_BODY 1
| #define SP_CLAUSE_ISO_BODY_NO_META_ARGUMENT_WRAPPING 1
| #define RTKERNEL_INSTANCE_TEMPLATE_STRING "libsprt4-6-0-instance-XX"
| #define RELEASE_YEAR 2025
| /* end confdefs.h.  */
| #include <ac_nonexistent.h>
configure:5353: checking whether -g should be passed to C compiler (gcc)
configure:5369: result: yes
configure:5390: checking whether C compiler should warn about unused variables etc
configure:5400: result: yes
configure:5418: checking whether the C compiler (gcc) accepts -pipe
configure:5422: result: yes
configure:5433: checking gcc version
configure:5467: result: Major version 13, minor version 3
configure:5484: checking whether the C compiler (gcc) should be used for shared linking
configure:5494: result: default
configure:5506: checking for valgrind
configure:5539: result: no
configure:5547: checking for valgrind suppression files
configure:5550: result: none
configure:5565: checking for path to MiniZinc binaries
configure:5622: result: none
configure:5656: checking for minizinc
configure:5690: result: no
configure:5731: checking whether generic foreign language glue should be used
configure:5740: result: no
configure:5745: checking whether JIT compilation is enabled
configure:5810: checking for valgrind flags
configure:5816: result: --alignment=16 --smc-check=all
configure:5824: checking for grep that handles long lines and -e
configure:5882: result: /usr/bin/grep
configure:5887: checking for egrep
configure:5949: result: /usr/bin/grep -E
configure:5969: checking for perl
configure:5987: found /usr/bin/perl
configure:5999: result: /usr/bin/perl
configure:6010: checking Perl version
configure:6018: result: ok
configure:6034: checking if AC_PROG_CXX will succeed
configure:6044: result: 
configure:6159: checking for C++ compiler version
configure:6168: gcc --version >&5
gcc (Ubuntu 13.3.0-6ubuntu2~24.04) 13.3.0
Copyright (C) 2023 Free Software Foundation, Inc.
This is free software; see the source for copying conditions.  There is NO
warranty; not even for MERCHANTABILITY or FITNESS FOR A PARTICULAR PURPOSE.

configure:6179: $? = 0
configure:6168: gcc -v >&5
Using built-in specs.
COLLECT_GCC=gcc
COLLECT_LTO_WRAPPER=/usr/libexec/gcc/x86_64-linux-gnu/13/lto-wrapper
OFFLOAD_TARGET_NAMES=nvptx-none:amdgcn-amdhsa
OFFLOAD_TARGET_DEFAULT=1
Target: x86_64-linux-gnu
Configured with: ../src/configure -v --with-pkgversion='Ubuntu 13.3.0-6ubuntu2~24.04' --with-bugurl=file:///usr/share/doc/gcc-13/README.Bugs --enable-languages=c,ada,c++,go,d,fortran,objc,obj-c++,m2 --prefix=/usr --with-gcc-major-version-only --program-suffix=-13 --program-prefix=x86_64-linux-gnu- --enable-shared --enable-linker-build-id --libexecdir=/usr/libexec --without-included-gettext --enable-threads=posix --libdir=/usr/lib --enable-nls --enable-bootstrap --enable-clocale=gnu --enable-libstdcxx-debug --enable-libstdcxx-time=yes --with-default-libstdcxx-abi=new --enable-libstdcxx-backtrace --enable-gnu-unique-object --disable-vtable-verify --enable-plugin --enable-default-pie --with-system-zlib --enable-libphobos-checking=release --with-target-system-zlib=auto --enable-objc-gc=auto --enable-multiarch --disable-werror --enable-cet --with-arch-32=i686 --with-abi=m64 --with-multilib-list=m32,m64,mx32 --enable-multilib --with-tune=generic --enable-offload-targets=nvptx-none=/build/gcc-13-fG75Ri/gcc-13-13.3.0/debian/tmp-nvptx/usr,amdgcn-amdhsa=/build/gcc-13-fG75Ri/gcc-13-13.3.0/debian/tmp-gcn/usr --enable-offload-defaulted --without-cuda-driver --enable-checking=release --build=x86_64-linux-gnu --host=x86_64-linux-gnu --target=x86_64-linux-gnu --with-build-config=bootstrap-lto-lean --enable-link-serialization=2
Thread model: posix
Supported LTO compression algorithms: zlib zstd
gcc version 13.3.0 (Ubuntu 13.3.0-6ubuntu2~24.04) 
... rest of stderr output deleted ...
configure:6179: $? = 0
configure:6168: gcc -V >&5
gcc: error: unrecognized command-line option '-V'
gcc: fatal error: no input files
compilation terminated.
configure:6179: $? = 1
configure:6168: gcc -qversion >&5
gcc: error: unrecognized command-line option '-qversion'; did you mean '--version'?
gcc: fatal error: no input files
compilation terminated.
configure:6179: $? = 1
configure:6183: checking whether we are using the GNU C++ compiler
configure:6202: gcc -c   conftest.cpp >&5
configure:6202: $? = 0
configure:6211: result: yes
configure:6220: checking whether gcc accepts -g
configure:6240: gcc -c -g  conftest.cpp >&5
configure:6240: $? = 0
configure:6281: result: yes
configure:6319: checking whether floating point consistency should be maintained
configure:6328: result: yes
configure:6380: checking whether gcc supports -Wdisabled-optimization support
configure:6399: gcc -c -g -O2 -pipe -Wdisabled-optimization  conftest.c >&5
configure:6399: $? = 0
configure:6409: result: yes
configure:6494: checking whether the compiler can suppress warnings aboug case fallthrough
configure:6505: result: yes, -Wno-implicit-fallthrough
configure:6562: checking whether -fstrict-aliasing should be used
configure:6578: result: no
configure:6644: checking whether GCC option -fomit-frame-pointer should be used
configure:6653: result: yes
configure:6663: checking for float consistency flags
configure:6696: result: -ffloat-store
configure:6718: checking whether -ftrapv should be used
configure:6734: result: no
configure:6997: checking whether -D_FORTIFY_SOURCE=2 should be used
configure:7014: result: no
configure:7061: checking whether -fstack-protector-all should be used
configure:7078: result: no
configure:7083: checking whether -fstack-protector should be used
configure:7105: result: no
configure:7110: checking whether -fvisibility=hidden should be used
configure:7138: result: yes
configure:7208: checking for ranlib
configure:7224: found /usr/bin/ranlib
configure:7235: result: ranlib
configure:7257: checking whether ln -s works
configure:7261: result: yes
configure:7272: checking for rm
configure:7288: found /usr/bin/rm
configure:7299: result: rm
configure:7309: checking for cp
configure:7325: found /usr/bin/cp
configure:7336: result: cp
configure:7346: checking for mv
configure:7362: found /usr/bin/mv
configure:7373: result: mv
configure:7384: checking for ar
configure:7400: found /usr/bin/ar
configure:7411: result: ar
configure:7421: checking for chmod
configure:7437: found /usr/bin/chmod
configure:7448: result: chmod
configure:7457: checking if mkdir accepts -p
configure:7461: result: yes
configure:7525: checking for en_US.utf8 locale name
configure:7535: result: none. Fallback to en_US.utf8
configure:7985: checking whether huge pages should be supported
configure:8003: result: yes
configure:8929: checking C compiler flags during configure
configure:8931: result: -g -O2 -pipe -D_REENTRANT -D_GNU_SOURCE -D_FILE_OFFSET_BITS=64 -fPIC  -fno-strict-aliasing -ffloat-store
configure:8934: checking C compiler flags for user code
configure:8936: result: -g -O2 -pipe -D_REENTRANT -D_GNU_SOURCE -D_FILE_OFFSET_BITS=64 -fPIC
configure:8939: checking data resource support
configure:8943: result: cc
configure:8948: checking whether multiple SICStus run-times is supported
configure:8968: result: yes
configure:8976: checking whether memory allocation can be hooked
configure:8982: result: yes
configure:8988: checking for JIT ABI
configure:8994: result: linuxx64
configure:9007: checking for JIT PRELOAD FAIL
configure:9010: result: none
configure:9090: checking for zcat
configure:9108: found /usr/bin/zcat
configure:9120: result: /usr/bin/zcat
configure:9156: checking for tar
configure:9174: found /bin/tar
configure:9187: result: /bin/tar
configure:9280: checking what name to use for the kernel static library
configure:9282: result: libsprt4-6-0.a
configure:9286: checking special flags when linking runtime kernel
configure:9290: result: none
configure:9329: checking splfr shared linker export argument
configure:9335: result: -Wl,--version-script=@SP_MAP_FILE@
configure:9460: checking CLPFD
configure:9465: result: yes
configure:9480: checking for ANSI C header files
configure:9500: gcc -c -g -O2 -pipe -D_REENTRANT -D_GNU_SOURCE -D_FILE_OFFSET_BITS=64 -fPIC  -fno-strict-aliasing -ffloat-store  conftest.c >&5
configure:9500: $? = 0
configure:9573: gcc -o conftest -g -O2 -pipe -D_REENTRANT -D_GNU_SOURCE -D_FILE_OFFSET_BITS=64 -fPIC  -fno-strict-aliasing -ffloat-store   conftest.c -ldl -lm -lpthread -lrt >&5
configure:9573: $? = 0
configure:9573: ./conftest
configure:9573: $? = 0
configure:9584: result: yes
configure:9597: checking for sys/types.h
configure:9597: gcc -c -g -O2 -pipe -D_REENTRANT -D_GNU_SOURCE -D_FILE_OFFSET_BITS=64 -fPIC  -fno-strict-aliasing -ffloat-store  conftest.c >&5
configure:9597: $? = 0
configure:9597: result: yes
configure:9597: checking for sys/stat.h
configure:9597: gcc -c -g -O2 -pipe -D_REENTRANT -D_GNU_SOURCE -D_FILE_OFFSET_BITS=64 -fPIC  -fno-strict-aliasing -ffloat-store  conftest.c >&5
configure:9597: $? = 0
configure:9597: result: yes
configure:9597: checking for stdlib.h
configure:9597: gcc -c -g -O2 -pipe -D_REENTRANT -D_GNU_SOURCE -D_FILE_OFFSET_BITS=64 -fPIC  -fno-strict-aliasing -ffloat-store  conftest.c >&5
configure:9597: $? = 0
configure:9597: result: yes
configure:9597: checking for string.h
configure:9597: gcc -c -g -O2 -pipe -D_REENTRANT -D_GNU_SOURCE -D_FILE_OFFSET_BITS=64 -fPIC  -fno-strict-aliasing -ffloat-store  conftest.c >&5
configure:9597: $? = 0
configure:9597: result: yes
configure:9597: checking for memory.h
configure:9597: gcc -c -g -O2 -pipe -D_REENTRANT -D_GNU_SOURCE -D_FILE_OFFSET_BITS=64 -fPIC  -fno-strict-aliasing -ffloat-store  conftest.c >&5
configure:9597: $? = 0
configure:9597: result: yes
configure:9597: checking for strings.h
configure:9597: gcc -c -g -O2 -pipe -D_REENTRANT -D_GNU_SOURCE -D_FILE_OFFSET_BITS=64 -fPIC  -fno-strict-aliasing -ffloat-store  conftest.c >&5
configure:9597: $? = 0
configure:9597: result: yes
configure:9597: checking for inttypes.h
configure:9597: gcc -c -g -O2 -pipe -D_REENTRANT -D_GNU_SOURCE -D_FILE_OFFSET_BITS=64 -fPIC  -fno-strict-aliasing -ffloat-store  conftest.c >&5
configure:9597: $? = 0
configure:9597: result: yes
configure:9597: checking for stdint.h
configure:9597: gcc -c -g -O2 -pipe -D_REENTRANT -D_GNU_SOURCE -D_FILE_OFFSET_BITS=64 -fPIC  -fno-strict-aliasing -ffloat-store  conftest.c >&5
configure:9597: $? = 0
configure:9597: result: yes
configure:9597: checking for unistd.h
configure:9597: gcc -c -g -O2 -pipe -D_REENTRANT -D_GNU_SOURCE -D_FILE_OFFSET_BITS=64 -fPIC  -fno-strict-aliasing -ffloat-store  conftest.c >&5
configure:9597: $? = 0
configure:9597: result: yes
configure:9613: checking size of void *
configure:9618: gcc -o conftest -g -O2 -pipe -D_REENTRANT -D_GNU_SOURCE -D_FILE_OFFSET_BITS=64 -fPIC  -fno-strict-aliasing -ffloat-store   conftest.c -ldl -lm -lpthread -lrt >&5
configure:9618: $? = 0
configure:9618: ./conftest
configure:9618: $? = 0
configure:9632: result: 8
configure:9646: checking size of short
configure:9651: gcc -o conftest -g -O2 -pipe -D_REENTRANT -D_GNU_SOURCE -D_FILE_OFFSET_BITS=64 -fPIC  -fno-strict-aliasing -ffloat-store   conftest.c -ldl -lm -lpthread -lrt >&5
configure:9651: $? = 0
configure:9651: ./conftest
configure:9651: $? = 0
configure:9665: result: 2
configure:9683: checking size of int
configure:9688: gcc -o conftest -g -O2 -pipe -D_REENTRANT -D_GNU_SOURCE -D_FILE_OFFSET_BITS=64 -fPIC  -fno-strict-aliasing -ffloat-store   conftest.c -ldl -lm -lpthread -lrt >&5
configure:9688: $? = 0
configure:9688: ./conftest
configure:9688: $? = 0
configure:9702: result: 4
configure:9720: checking size of long
configure:9725: gcc -o conftest -g -O2 -pipe -D_REENTRANT -D_GNU_SOURCE -D_FILE_OFFSET_BITS=64 -fPIC  -fno-strict-aliasing -ffloat-store   conftest.c -ldl -lm -lpthread -lrt >&5
configure:9725: $? = 0
configure:9725: ./conftest
configure:9725: $? = 0
configure:9739: result: 8
configure:9757: checking size of void *
configure:9776: result: 8
configure:9792: checking alignment of short
configure:9797: gcc -o conftest -g -O2 -pipe -D_REENTRANT -D_GNU_SOURCE -D_FILE_OFFSET_BITS=64 -fPIC  -fno-strict-aliasing -ffloat-store   conftest.c -ldl -lm -lpthread -lrt >&5
configure:9797: $? = 0
configure:9797: ./conftest
configure:9797: $? = 0
configure:9815: result: 2
configure:9827: checking alignment of int
configure:9832: gcc -o conftest -g -O2 -pipe -D_REENTRANT -D_GNU_SOURCE -D_FILE_OFFSET_BITS=64 -fPIC  -fno-strict-aliasing -ffloat-store   conftest.c -ldl -lm -lpthread -lrt >&5
configure:9832: $? = 0
configure:9832: ./conftest
configure:9832: $? = 0
configure:9850: result: 4
configure:9862: checking alignment of long
configure:9867: gcc -o conftest -g -O2 -pipe -D_REENTRANT -D_GNU_SOURCE -D_FILE_OFFSET_BITS=64 -fPIC  -fno-strict-aliasing -ffloat-store   conftest.c -ldl -lm -lpthread -lrt >&5
configure:9867: $? = 0
configure:9867: ./conftest
configure:9867: $? = 0
configure:9885: result: 8
configure:9897: checking alignment of long long
configure:9902: gcc -o conftest -g -O2 -pipe -D_REENTRANT -D_GNU_SOURCE -D_FILE_OFFSET_BITS=64 -fPIC  -fno-strict-aliasing -ffloat-store   conftest.c -ldl -lm -lpthread -lrt >&5
configure:9902: $? = 0
configure:9902: ./conftest
configure:9902: $? = 0
configure:9920: result: 8
configure:9932: checking alignment of float
configure:9937: gcc -o conftest -g -O2 -pipe -D_REENTRANT -D_GNU_SOURCE -D_FILE_OFFSET_BITS=64 -fPIC  -fno-strict-aliasing -ffloat-store   conftest.c -ldl -lm -lpthread -lrt >&5
configure:9937: $? = 0
configure:9937: ./conftest
configure:9937: $? = 0
configure:9955: result: 4
configure:9967: checking alignment of double
configure:9972: gcc -o conftest -g -O2 -pipe -D_REENTRANT -D_GNU_SOURCE -D_FILE_OFFSET_BITS=64 -fPIC  -fno-strict-aliasing -ffloat-store   conftest.c -ldl -lm -lpthread -lrt >&5
configure:9972: $? = 0
configure:9972: ./conftest
configure:9972: $? = 0
configure:9990: result: 8
configure:10002: checking alignment of void *
configure:10007: gcc -o conftest -g -O2 -pipe -D_REENTRANT -D_GNU_SOURCE -D_FILE_OFFSET_BITS=64 -fPIC  -fno-strict-aliasing -ffloat-store   conftest.c -ldl -lm -lpthread -lrt >&5
configure:10007: $? = 0
configure:10007: ./conftest
configure:10007: $? = 0
configure:10025: result: 8
configure:10036: checking for log2 sizeof word
configure:10048: result: 3
configure:10059: checking size of long long
configure:10064: gcc -o conftest -g -O2 -pipe -D_REENTRANT -D_GNU_SOURCE -D_FILE_OFFSET_BITS=64 -fPIC  -fno-strict-aliasing -ffloat-store   conftest.c -ldl -lm -lpthread -lrt >&5
configure:10064: $? = 0
configure:10064: ./conftest
configure:10064: $? = 0
configure:10078: result: 8
configure:10097: checking size of __int128
configure:10102: gcc -o conftest -g -O2 -pipe -D_REENTRANT -D_GNU_SOURCE -D_FILE_OFFSET_BITS=64 -fPIC  -fno-strict-aliasing -ffloat-store   conftest.c -ldl -lm -lpthread -lrt >&5
configure:10102: $? = 0
configure:10102: ./conftest
configure:10102: $? = 0
configure:10116: result: 16
configure:10134: checking size of __int128_t
configure:10139: gcc -o conftest -g -O2 -pipe -D_REENTRANT -D_GNU_SOURCE -D_FILE_OFFSET_BITS=64 -fPIC  -fno-strict-aliasing -ffloat-store   conftest.c -ldl -lm -lpthread -lrt >&5
configure:10139: $? = 0
configure:10139: ./conftest
configure:10139: $? = 0
configure:10153: result: 16
configure:10171: checking size of __uint128_t
configure:10176: gcc -o conftest -g -O2 -pipe -D_REENTRANT -D_GNU_SOURCE -D_FILE_OFFSET_BITS=64 -fPIC  -fno-strict-aliasing -ffloat-store   conftest.c -ldl -lm -lpthread -lrt >&5
configure:10176: $? = 0
configure:10176: ./conftest
configure:10176: $? = 0
configure:10190: result: 16
configure:10208: checking size of __int64
configure:10213: gcc -o conftest -g -O2 -pipe -D_REENTRANT -D_GNU_SOURCE -D_FILE_OFFSET_BITS=64 -fPIC  -fno-strict-aliasing -ffloat-store   conftest.c -ldl -lm -lpthread -lrt >&5
conftest.c: In function 'longval':
conftest.c:111:57: error: '__int64' undeclared (first use in this function); did you mean '__int64_t'?
  111 | static long int longval () { return (long int) (sizeof (__int64)); }
      |                                                         ^~~~~~~
      |                                                         __int64_t
conftest.c:111:57: note: each undeclared identifier is reported only once for each function it appears in
conftest.c: In function 'ulongval':
conftest.c:112:67: error: '__int64' undeclared (first use in this function); did you mean '__int64_t'?
  112 | static unsigned long int ulongval () { return (long int) (sizeof (__int64)); }
      |                                                                   ^~~~~~~
      |                                                                   __int64_t
conftest.c: In function 'main':
conftest.c:122:28: error: '__int64' undeclared (first use in this function); did you mean '__int64_t'?
  122 |   if (((long int) (sizeof (__int64))) < 0)
      |                            ^~~~~~~
      |                            __int64_t
configure:10213: $? = 1
configure: program exited with status 1
configure: failed program was:
| /* confdefs.h */
| #define PACKAGE_NAME ""
| #define PACKAGE_TARNAME ""
| #define PACKAGE_VERSION ""
| #define PACKAGE_STRING ""
| #define PACKAGE_BUGREPORT ""
| #define PACKAGE_URL ""
| #define SP_NEW_DBG_POLICY 1
| #define SICSTUS_RELEASE_BUILD 1
| #define SICSTUS_MAJOR_VERSION 4
| #define SICSTUS_MINOR_VERSION 6
| #define SICSTUS_REVISION_VERSION 0
| #define SICSTUS_BETA_VERSION 0
| #define SICSTUS_VERSION_STRING "4.6.0"
| #define SICSTUS_VERSION  40600
| #define SP_GET_DISPATCH_NAME  SP_get_dispatch_40600
| #define SP_CLAUSE_ISO_BODY 1
| #define SP_CLAUSE_ISO_BODY_NO_META_ARGUMENT_WRAPPING 1
| #define RTKERNEL_INSTANCE_TEMPLATE_STRING "libsprt4-6-0-instance-XX"
| #define RELEASE_YEAR 2025
| #define SP_USE_GCC_VISIBILITY 1
| #define HAVE_LINUX_PROC_SELF_EXE 1
| #define SETITIMER_EARLY 1
| #define FLI_APPLY_ASM_SYSV_ABI_X86_64 1
| #define SP_X64 1
| #define SP_HUGEPAGES 1
| #define SP_HUGEPAGES_DEFAULT 0
| #define HAVE_PROC_SELF_FD 1
| #define SP_NO_MULTI_SP_FEATURE 0
| #define SP_JIT_ABI_STRING "linuxx64"
| #define SP_RTSYS_DIRNAME "sp-4.6.0"
| #define SP_EMULATOR_DIRNAME "sicstus-4.6.0"
| #define SPCDECL 
| #define SHSFX "so"
| #define FLI_SHSFX "so"
| #define RTKERNEL_BASENAME_WITH_DSO_SUFFIX_STRING "libsprt4-6-0.so"
| #define SHPRE "lib"
| #define SYSTEM_NAME "x86_64-linux-glibc2.39"
| #define SOLARIS_THREADS 0
| #define POSIX_SIGNALS 1
| #define ENABLE_CLPFD 1
| #define STDC_HEADERS 1
| #define HAVE_SYS_TYPES_H 1
| #define HAVE_SYS_STAT_H 1
| #define HAVE_STDLIB_H 1
| #define HAVE_STRING_H 1
| #define HAVE_MEMORY_H 1
| #define HAVE_STRINGS_H 1
| #define HAVE_INTTYPES_H 1
| #define HAVE_STDINT_H 1
| #define HAVE_UNISTD_H 1
| #define SIZEOF_VOID_P 8
| #define SIZEOF_SHORT 2
| #define SP_SIZEOF_SHORT 2
| #define SIZEOF_INT 4
| #define SP_SIZEOF_INT 4
| #define SIZEOF_LONG 8
| #define SP_SIZEOF_LONG 8
| #define SIZEOF_VOID_P 8
| #define SP_SIZEOF_VOID_P 8
| #define ALIGNOF_SHORT 2
| #define ALIGNOF_INT 4
| #define ALIGNOF_LONG 8
| #define ALIGNOF_LONG_LONG 8
| #define ALIGNOF_FLOAT 4
| #define ALIGNOF_DOUBLE 8
| #define ALIGNOF_VOID_P 8
| #define LogSizeOfWord 3
| #define SIZEOF_LONG_LONG 8
| #define SP_SIZEOF_LONG_LONG 8
| #define SIZEOF___INT128 16
| #define SP_SIZEOF___INT128 16
| #define SIZEOF___INT128_T 16
| #define SP_SIZEOF___INT128_T 16
| #define SIZEOF___UINT128_T 16
| #define SP_SIZEOF___UINT128_T 16
| /* end confdefs.h.  */
| #include <stdio.h>
| #ifdef HAVE_SYS_TYPES_H
| # include <sys/types.h>
| #endif
| #ifdef HAVE_SYS_STAT_H
| # include <sys/stat.h>
| #endif
| #ifdef STDC_HEADERS
| # include <stdlib.h>
| # include <stddef.h>
| #else
| # ifdef HAVE_STDLIB_H
| #  include <stdlib.h>
| # endif
| #endif
| #ifdef HAVE_STRING_H
| # if !defined STDC_HEADERS && defined HAVE_MEMORY_H
| #  include <memory.h>
| # endif
| # include <string.h>
| #endif
| #ifdef HAVE_STRINGS_H
| # include <strings.h>
| #endif
| #ifdef HAVE_INTTYPES_H
| # include <inttypes.h>
| #endif
| #ifdef HAVE_STDINT_H
| # include <stdint.h>
| #endif
| #ifdef HAVE_UNISTD_H
| # include <unistd.h>
| #endif
| static long int longval () { return (long int) (sizeof (__int64)); }
| static unsigned long int ulongval () { return (long int) (sizeof (__int64)); }
| #include <stdio.h>
| #include <stdlib.h>
| int
| main ()
| {
| 
|   FILE *f = fopen ("conftest.val", "w");
|   if (! f)
|     return 1;
|   if (((long int) (sizeof (__int64))) < 0)
|     {
|       long int i = longval ();
|       if (i != ((long int) (sizeof (__int64))))
| 	return 1;
|       fprintf (f, "%ld", i);
|     }
|   else
|     {
|       unsigned long int i = ulongval ();
|       if (i != ((long int) (sizeof (__int64))))
| 	return 1;
|       fprintf (f, "%lu", i);
|     }
|   /* Do not output a trailing newline, as this causes \r\n confusion
|      on some platforms.  */
|   return ferror (f) || fclose (f) != 0;
| 
|   ;
|   return 0;
| }
configure:10227: result: 0
configure:10241: checking whether byte ordering is bigendian
configure:10256: gcc -c -g -O2 -pipe -D_REENTRANT -D_GNU_SOURCE -D_FILE_OFFSET_BITS=64 -fPIC  -fno-strict-aliasing -ffloat-store  conftest.c >&5
conftest.c:81:16: error: unknown type name 'not'
   81 |                not a universal capable compiler
      |                ^~~
conftest.c:81:22: error: expected '=', ',', ';', 'asm' or '__attribute__' before 'universal'
   81 |                not a universal capable compiler
      |                      ^~~~~~~~~
conftest.c:81:22: error: unknown type name 'universal'
configure:10256: $? = 1
configure: failed program was:
| /* confdefs.h */
| #define PACKAGE_NAME ""
| #define PACKAGE_TARNAME ""
| #define PACKAGE_VERSION ""
| #define PACKAGE_STRING ""
| #define PACKAGE_BUGREPORT ""
| #define PACKAGE_URL ""
| #define SP_NEW_DBG_POLICY 1
| #define SICSTUS_RELEASE_BUILD 1
| #define SICSTUS_MAJOR_VERSION 4
| #define SICSTUS_MINOR_VERSION 6
| #define SICSTUS_REVISION_VERSION 0
| #define SICSTUS_BETA_VERSION 0
| #define SICSTUS_VERSION_STRING "4.6.0"
| #define SICSTUS_VERSION  40600
| #define SP_GET_DISPATCH_NAME  SP_get_dispatch_40600
| #define SP_CLAUSE_ISO_BODY 1
| #define SP_CLAUSE_ISO_BODY_NO_META_ARGUMENT_WRAPPING 1
| #define RTKERNEL_INSTANCE_TEMPLATE_STRING "libsprt4-6-0-instance-XX"
| #define RELEASE_YEAR 2025
| #define SP_USE_GCC_VISIBILITY 1
| #define HAVE_LINUX_PROC_SELF_EXE 1
| #define SETITIMER_EARLY 1
| #define FLI_APPLY_ASM_SYSV_ABI_X86_64 1
| #define SP_X64 1
| #define SP_HUGEPAGES 1
| #define SP_HUGEPAGES_DEFAULT 0
| #define HAVE_PROC_SELF_FD 1
| #define SP_NO_MULTI_SP_FEATURE 0
| #define SP_JIT_ABI_STRING "linuxx64"
| #define SP_RTSYS_DIRNAME "sp-4.6.0"
| #define SP_EMULATOR_DIRNAME "sicstus-4.6.0"
| #define SPCDECL 
| #define SHSFX "so"
| #define FLI_SHSFX "so"
| #define RTKERNEL_BASENAME_WITH_DSO_SUFFIX_STRING "libsprt4-6-0.so"
| #define SHPRE "lib"
| #define SYSTEM_NAME "x86_64-linux-glibc2.39"
| #define SOLARIS_THREADS 0
| #define POSIX_SIGNALS 1
| #define ENABLE_CLPFD 1
| #define STDC_HEADERS 1
| #define HAVE_SYS_TYPES_H 1
| #define HAVE_SYS_STAT_H 1
| #define HAVE_STDLIB_H 1
| #define HAVE_STRING_H 1
| #define HAVE_MEMORY_H 1
| #define HAVE_STRINGS_H 1
| #define HAVE_INTTYPES_H 1
| #define HAVE_STDINT_H 1
| #define HAVE_UNISTD_H 1
| #define SIZEOF_VOID_P 8
| #define SIZEOF_SHORT 2
| #define SP_SIZEOF_SHORT 2
| #define SIZEOF_INT 4
| #define SP_SIZEOF_INT 4
| #define SIZEOF_LONG 8
| #define SP_SIZEOF_LONG 8
| #define SIZEOF_VOID_P 8
| #define SP_SIZEOF_VOID_P 8
| #define ALIGNOF_SHORT 2
| #define ALIGNOF_INT 4
| #define ALIGNOF_LONG 8
| #define ALIGNOF_LONG_LONG 8
| #define ALIGNOF_FLOAT 4
| #define ALIGNOF_DOUBLE 8
| #define ALIGNOF_VOID_P 8
| #define LogSizeOfWord 3
| #define SIZEOF_LONG_LONG 8
| #define SP_SIZEOF_LONG_LONG 8
| #define SIZEOF___INT128 16
| #define SP_SIZEOF___INT128 16
| #define SIZEOF___INT128_T 16
| #define SP_SIZEOF___INT128_T 16
| #define SIZEOF___UINT128_T 16
| #define SP_SIZEOF___UINT128_T 16
| #define SIZEOF___INT64 0
| #define SP_SIZEOF___INT64 0
| /* end confdefs.h.  */
| #ifndef __APPLE_CC__
| 	       not a universal capable compiler
| 	     #endif
| 	     typedef int dummy;
| 
configure:10301: gcc -c -g -O2 -pipe -D_REENTRANT -D_GNU_SOURCE -D_FILE_OFFSET_BITS=64 -fPIC  -fno-strict-aliasing -ffloat-store  conftest.c >&5
configure:10301: $? = 0
configure:10319: gcc -c -g -O2 -pipe -D_REENTRANT -D_GNU_SOURCE -D_FILE_OFFSET_BITS=64 -fPIC  -fno-strict-aliasing -ffloat-store  conftest.c >&5
conftest.c: In function 'main':
conftest.c:87:18: error: unknown type name 'not'; did you mean 'ino_t'?
   87 |                  not big endian
      |                  ^~~
      |                  ino_t
conftest.c:87:26: error: expected '=', ',', ';', 'asm' or '__attribute__' before 'endian'
   87 |                  not big endian
      |                          ^~~~~~
configure:10319: $? = 1
configure: failed program was:
| /* confdefs.h */
| #define PACKAGE_NAME ""
| #define PACKAGE_TARNAME ""
| #define PACKAGE_VERSION ""
| #define PACKAGE_STRING ""
| #define PACKAGE_BUGREPORT ""
| #define PACKAGE_URL ""
| #define SP_NEW_DBG_POLICY 1
| #define SICSTUS_RELEASE_BUILD 1
| #define SICSTUS_MAJOR_VERSION 4
| #define SICSTUS_MINOR_VERSION 6
| #define SICSTUS_REVISION_VERSION 0
| #define SICSTUS_BETA_VERSION 0
| #define SICSTUS_VERSION_STRING "4.6.0"
| #define SICSTUS_VERSION  40600
| #define SP_GET_DISPATCH_NAME  SP_get_dispatch_40600
| #define SP_CLAUSE_ISO_BODY 1
| #define SP_CLAUSE_ISO_BODY_NO_META_ARGUMENT_WRAPPING 1
| #define RTKERNEL_INSTANCE_TEMPLATE_STRING "libsprt4-6-0-instance-XX"
| #define RELEASE_YEAR 2025
| #define SP_USE_GCC_VISIBILITY 1
| #define HAVE_LINUX_PROC_SELF_EXE 1
| #define SETITIMER_EARLY 1
| #define FLI_APPLY_ASM_SYSV_ABI_X86_64 1
| #define SP_X64 1
| #define SP_HUGEPAGES 1
| #define SP_HUGEPAGES_DEFAULT 0
| #define HAVE_PROC_SELF_FD 1
| #define SP_NO_MULTI_SP_FEATURE 0
| #define SP_JIT_ABI_STRING "linuxx64"
| #define SP_RTSYS_DIRNAME "sp-4.6.0"
| #define SP_EMULATOR_DIRNAME "sicstus-4.6.0"
| #define SPCDECL 
| #define SHSFX "so"
| #define FLI_SHSFX "so"
| #define RTKERNEL_BASENAME_WITH_DSO_SUFFIX_STRING "libsprt4-6-0.so"
| #define SHPRE "lib"
| #define SYSTEM_NAME "x86_64-linux-glibc2.39"
| #define SOLARIS_THREADS 0
| #define POSIX_SIGNALS 1
| #define ENABLE_CLPFD 1
| #define STDC_HEADERS 1
| #define HAVE_SYS_TYPES_H 1
| #define HAVE_SYS_STAT_H 1
| #define HAVE_STDLIB_H 1
| #define HAVE_STRING_H 1
| #define HAVE_MEMORY_H 1
| #define HAVE_STRINGS_H 1
| #define HAVE_INTTYPES_H 1
| #define HAVE_STDINT_H 1
| #define HAVE_UNISTD_H 1
| #define SIZEOF_VOID_P 8
| #define SIZEOF_SHORT 2
| #define SP_SIZEOF_SHORT 2
| #define SIZEOF_INT 4
| #define SP_SIZEOF_INT 4
| #define SIZEOF_LONG 8
| #define SP_SIZEOF_LONG 8
| #define SIZEOF_VOID_P 8
| #define SP_SIZEOF_VOID_P 8
| #define ALIGNOF_SHORT 2
| #define ALIGNOF_INT 4
| #define ALIGNOF_LONG 8
| #define ALIGNOF_LONG_LONG 8
| #define ALIGNOF_FLOAT 4
| #define ALIGNOF_DOUBLE 8
| #define ALIGNOF_VOID_P 8
| #define LogSizeOfWord 3
| #define SIZEOF_LONG_LONG 8
| #define SP_SIZEOF_LONG_LONG 8
| #define SIZEOF___INT128 16
| #define SP_SIZEOF___INT128 16
| #define SIZEOF___INT128_T 16
| #define SP_SIZEOF___INT128_T 16
| #define SIZEOF___UINT128_T 16
| #define SP_SIZEOF___UINT128_T 16
| #define SIZEOF___INT64 0
| #define SP_SIZEOF___INT64 0
| /* end confdefs.h.  */
| #include <sys/types.h>
| 		#include <sys/param.h>
| 
| int
| main ()
| {
| #if BYTE_ORDER != BIG_ENDIAN
| 		 not big endian
| 		#endif
| 
|   ;
|   return 0;
| }
configure:10447: result: no
configure:10482: checking for X
configure:10590: gcc -E  conftest.c
conftest.c:80:10: fatal error: X11/Xlib.h: No such file or directory
   80 | #include <X11/Xlib.h>
      |          ^~~~~~~~~~~~
compilation terminated.
configure:10590: $? = 1
configure: failed program was:
| /* confdefs.h */
| #define PACKAGE_NAME ""
| #define PACKAGE_TARNAME ""
| #define PACKAGE_VERSION ""
| #define PACKAGE_STRING ""
| #define PACKAGE_BUGREPORT ""
| #define PACKAGE_URL ""
| #define SP_NEW_DBG_POLICY 1
| #define SICSTUS_RELEASE_BUILD 1
| #define SICSTUS_MAJOR_VERSION 4
| #define SICSTUS_MINOR_VERSION 6
| #define SICSTUS_REVISION_VERSION 0
| #define SICSTUS_BETA_VERSION 0
| #define SICSTUS_VERSION_STRING "4.6.0"
| #define SICSTUS_VERSION  40600
| #define SP_GET_DISPATCH_NAME  SP_get_dispatch_40600
| #define SP_CLAUSE_ISO_BODY 1
| #define SP_CLAUSE_ISO_BODY_NO_META_ARGUMENT_WRAPPING 1
| #define RTKERNEL_INSTANCE_TEMPLATE_STRING "libsprt4-6-0-instance-XX"
| #define RELEASE_YEAR 2025
| #define SP_USE_GCC_VISIBILITY 1
| #define HAVE_LINUX_PROC_SELF_EXE 1
| #define SETITIMER_EARLY 1
| #define FLI_APPLY_ASM_SYSV_ABI_X86_64 1
| #define SP_X64 1
| #define SP_HUGEPAGES 1
| #define SP_HUGEPAGES_DEFAULT 0
| #define HAVE_PROC_SELF_FD 1
| #define SP_NO_MULTI_SP_FEATURE 0
| #define SP_JIT_ABI_STRING "linuxx64"
| #define SP_RTSYS_DIRNAME "sp-4.6.0"
| #define SP_EMULATOR_DIRNAME "sicstus-4.6.0"
| #define SPCDECL 
| #define SHSFX "so"
| #define FLI_SHSFX "so"
| #define RTKERNEL_BASENAME_WITH_DSO_SUFFIX_STRING "libsprt4-6-0.so"
| #define SHPRE "lib"
| #define SYSTEM_NAME "x86_64-linux-glibc2.39"
| #define SOLARIS_THREADS 0
| #define POSIX_SIGNALS 1
| #define ENABLE_CLPFD 1
| #define STDC_HEADERS 1
| #define HAVE_SYS_TYPES_H 1
| #define HAVE_SYS_STAT_H 1
| #define HAVE_STDLIB_H 1
| #define HAVE_STRING_H 1
| #define HAVE_MEMORY_H 1
| #define HAVE_STRINGS_H 1
| #define HAVE_INTTYPES_H 1
| #define HAVE_STDINT_H 1
| #define HAVE_UNISTD_H 1
| #define SIZEOF_VOID_P 8
| #define SIZEOF_SHORT 2
| #define SP_SIZEOF_SHORT 2
| #define SIZEOF_INT 4
| #define SP_SIZEOF_INT 4
| #define SIZEOF_LONG 8
| #define SP_SIZEOF_LONG 8
| #define SIZEOF_VOID_P 8
| #define SP_SIZEOF_VOID_P 8
| #define ALIGNOF_SHORT 2
| #define ALIGNOF_INT 4
| #define ALIGNOF_LONG 8
| #define ALIGNOF_LONG_LONG 8
| #define ALIGNOF_FLOAT 4
| #define ALIGNOF_DOUBLE 8
| #define ALIGNOF_VOID_P 8
| #define LogSizeOfWord 3
| #define SIZEOF_LONG_LONG 8
| #define SP_SIZEOF_LONG_LONG 8
| #define SIZEOF___INT128 16
| #define SP_SIZEOF___INT128 16
| #define SIZEOF___INT128_T 16
| #define SP_SIZEOF___INT128_T 16
| #define SIZEOF___UINT128_T 16
| #define SP_SIZEOF___UINT128_T 16
| #define SIZEOF___INT64 0
| #define SP_SIZEOF___INT64 0
| /* end confdefs.h.  */
| #include <X11/Xlib.h>
configure:10621: gcc -o conftest -g -O2 -pipe -D_REENTRANT -D_GNU_SOURCE -D_FILE_OFFSET_BITS=64 -fPIC  -fno-strict-aliasing -ffloat-store   conftest.c -lX11 -ldl -lm -lpthread -lrt >&5
conftest.c:80:10: fatal error: X11/Xlib.h: No such file or directory
   80 | #include <X11/Xlib.h>
      |          ^~~~~~~~~~~~
compilation terminated.
configure:10621: $? = 1
configure: failed program was:
| /* confdefs.h */
| #define PACKAGE_NAME ""
| #define PACKAGE_TARNAME ""
| #define PACKAGE_VERSION ""
| #define PACKAGE_STRING ""
| #define PACKAGE_BUGREPORT ""
| #define PACKAGE_URL ""
| #define SP_NEW_DBG_POLICY 1
| #define SICSTUS_RELEASE_BUILD 1
| #define SICSTUS_MAJOR_VERSION 4
| #define SICSTUS_MINOR_VERSION 6
| #define SICSTUS_REVISION_VERSION 0
| #define SICSTUS_BETA_VERSION 0
| #define SICSTUS_VERSION_STRING "4.6.0"
| #define SICSTUS_VERSION  40600
| #define SP_GET_DISPATCH_NAME  SP_get_dispatch_40600
| #define SP_CLAUSE_ISO_BODY 1
| #define SP_CLAUSE_ISO_BODY_NO_META_ARGUMENT_WRAPPING 1
| #define RTKERNEL_INSTANCE_TEMPLATE_STRING "libsprt4-6-0-instance-XX"
| #define RELEASE_YEAR 2025
| #define SP_USE_GCC_VISIBILITY 1
| #define HAVE_LINUX_PROC_SELF_EXE 1
| #define SETITIMER_EARLY 1
| #define FLI_APPLY_ASM_SYSV_ABI_X86_64 1
| #define SP_X64 1
| #define SP_HUGEPAGES 1
| #define SP_HUGEPAGES_DEFAULT 0
| #define HAVE_PROC_SELF_FD 1
| #define SP_NO_MULTI_SP_FEATURE 0
| #define SP_JIT_ABI_STRING "linuxx64"
| #define SP_RTSYS_DIRNAME "sp-4.6.0"
| #define SP_EMULATOR_DIRNAME "sicstus-4.6.0"
| #define SPCDECL 
| #define SHSFX "so"
| #define FLI_SHSFX "so"
| #define RTKERNEL_BASENAME_WITH_DSO_SUFFIX_STRING "libsprt4-6-0.so"
| #define SHPRE "lib"
| #define SYSTEM_NAME "x86_64-linux-glibc2.39"
| #define SOLARIS_THREADS 0
| #define POSIX_SIGNALS 1
| #define ENABLE_CLPFD 1
| #define STDC_HEADERS 1
| #define HAVE_SYS_TYPES_H 1
| #define HAVE_SYS_STAT_H 1
| #define HAVE_STDLIB_H 1
| #define HAVE_STRING_H 1
| #define HAVE_MEMORY_H 1
| #define HAVE_STRINGS_H 1
| #define HAVE_INTTYPES_H 1
| #define HAVE_STDINT_H 1
| #define HAVE_UNISTD_H 1
| #define SIZEOF_VOID_P 8
| #define SIZEOF_SHORT 2
| #define SP_SIZEOF_SHORT 2
| #define SIZEOF_INT 4
| #define SP_SIZEOF_INT 4
| #define SIZEOF_LONG 8
| #define SP_SIZEOF_LONG 8
| #define SIZEOF_VOID_P 8
| #define SP_SIZEOF_VOID_P 8
| #define ALIGNOF_SHORT 2
| #define ALIGNOF_INT 4
| #define ALIGNOF_LONG 8
| #define ALIGNOF_LONG_LONG 8
| #define ALIGNOF_FLOAT 4
| #define ALIGNOF_DOUBLE 8
| #define ALIGNOF_VOID_P 8
| #define LogSizeOfWord 3
| #define SIZEOF_LONG_LONG 8
| #define SP_SIZEOF_LONG_LONG 8
| #define SIZEOF___INT128 16
| #define SP_SIZEOF___INT128 16
| #define SIZEOF___INT128_T 16
| #define SP_SIZEOF___INT128_T 16
| #define SIZEOF___UINT128_T 16
| #define SP_SIZEOF___UINT128_T 16
| #define SIZEOF___INT64 0
| #define SP_SIZEOF___INT64 0
| /* end confdefs.h.  */
| #include <X11/Xlib.h>
| int
| main ()
| {
| XrmInitialize ()
|   ;
|   return 0;
| }
configure:10660: result: no
configure:11183: checking required Berkeley DB version
configure:11185: result: 5.3.21
configure:11205: checking whether to use Berkeley DB
configure:11289: result: yes, if possible
configure:11434: checking whether system db.h is compatible with 5.3.21
configure:11454: gcc -c -g -O2 -pipe -D_REENTRANT -D_GNU_SOURCE -D_FILE_OFFSET_BITS=64 -fPIC  -fno-strict-aliasing -ffloat-store  conftest.c >&5
conftest.c:82:20: fatal error: db.h: No such file or directory
   82 |           #include <db.h>
      |                    ^~~~~~
compilation terminated.
configure:11454: $? = 1
configure: failed program was:
| /* confdefs.h */
| #define PACKAGE_NAME ""
| #define PACKAGE_TARNAME ""
| #define PACKAGE_VERSION ""
| #define PACKAGE_STRING ""
| #define PACKAGE_BUGREPORT ""
| #define PACKAGE_URL ""
| #define SP_NEW_DBG_POLICY 1
| #define SICSTUS_RELEASE_BUILD 1
| #define SICSTUS_MAJOR_VERSION 4
| #define SICSTUS_MINOR_VERSION 6
| #define SICSTUS_REVISION_VERSION 0
| #define SICSTUS_BETA_VERSION 0
| #define SICSTUS_VERSION_STRING "4.6.0"
| #define SICSTUS_VERSION  40600
| #define SP_GET_DISPATCH_NAME  SP_get_dispatch_40600
| #define SP_CLAUSE_ISO_BODY 1
| #define SP_CLAUSE_ISO_BODY_NO_META_ARGUMENT_WRAPPING 1
| #define RTKERNEL_INSTANCE_TEMPLATE_STRING "libsprt4-6-0-instance-XX"
| #define RELEASE_YEAR 2025
| #define SP_USE_GCC_VISIBILITY 1
| #define HAVE_LINUX_PROC_SELF_EXE 1
| #define SETITIMER_EARLY 1
| #define FLI_APPLY_ASM_SYSV_ABI_X86_64 1
| #define SP_X64 1
| #define SP_HUGEPAGES 1
| #define SP_HUGEPAGES_DEFAULT 0
| #define HAVE_PROC_SELF_FD 1
| #define SP_NO_MULTI_SP_FEATURE 0
| #define SP_JIT_ABI_STRING "linuxx64"
| #define SP_RTSYS_DIRNAME "sp-4.6.0"
| #define SP_EMULATOR_DIRNAME "sicstus-4.6.0"
| #define SPCDECL 
| #define SHSFX "so"
| #define FLI_SHSFX "so"
| #define RTKERNEL_BASENAME_WITH_DSO_SUFFIX_STRING "libsprt4-6-0.so"
| #define SHPRE "lib"
| #define SYSTEM_NAME "x86_64-linux-glibc2.39"
| #define SOLARIS_THREADS 0
| #define POSIX_SIGNALS 1
| #define ENABLE_CLPFD 1
| #define STDC_HEADERS 1
| #define HAVE_SYS_TYPES_H 1
| #define HAVE_SYS_STAT_H 1
| #define HAVE_STDLIB_H 1
| #define HAVE_STRING_H 1
| #define HAVE_MEMORY_H 1
| #define HAVE_STRINGS_H 1
| #define HAVE_INTTYPES_H 1
| #define HAVE_STDINT_H 1
| #define HAVE_UNISTD_H 1
| #define SIZEOF_VOID_P 8
| #define SIZEOF_SHORT 2
| #define SP_SIZEOF_SHORT 2
| #define SIZEOF_INT 4
| #define SP_SIZEOF_INT 4
| #define SIZEOF_LONG 8
| #define SP_SIZEOF_LONG 8
| #define SIZEOF_VOID_P 8
| #define SP_SIZEOF_VOID_P 8
| #define ALIGNOF_SHORT 2
| #define ALIGNOF_INT 4
| #define ALIGNOF_LONG 8
| #define ALIGNOF_LONG_LONG 8
| #define ALIGNOF_FLOAT 4
| #define ALIGNOF_DOUBLE 8
| #define ALIGNOF_VOID_P 8
| #define LogSizeOfWord 3
| #define SIZEOF_LONG_LONG 8
| #define SP_SIZEOF_LONG_LONG 8
| #define SIZEOF___INT128 16
| #define SP_SIZEOF___INT128 16
| #define SIZEOF___INT128_T 16
| #define SP_SIZEOF___INT128_T 16
| #define SIZEOF___UINT128_T 16
| #define SP_SIZEOF___UINT128_T 16
| #define SIZEOF___INT64 0
| #define SP_SIZEOF___INT64 0
| #define X_DISPLAY_MISSING 1
| /* end confdefs.h.  */
| 
|           #include <db.h>
|           #if DB_VERSION_MAJOR == 5 && DB_VERSION_MINOR == 3 && DB_VERSION_PATCH >= 21
|           #else
|           #error "db.h version is not compatible with 5.3"
|           #endif
| 
| int
| main ()
| {
| 
|   ;
|   return 0;
| }
configure:11464: result: no
configure:11482: checking whether BDB include dir was found using BDB path system
configure:11485: result: yes (system)
configure:11512: checking for db_env_create in -ldb-5.3
configure:11537: gcc -o conftest -g -O2 -pipe -D_REENTRANT -D_GNU_SOURCE -D_FILE_OFFSET_BITS=64 -fPIC  -fno-strict-aliasing -ffloat-store   conftest.c -ldb-5.3 -lpthread -ldl -lm -lpthread -lrt >&5
configure:11537: $? = 0
configure:11547: result: yes
configure:11565: checking whether BDB path system can be used
configure:11568: result: yes
configure:11593: checking whether BDB was successfully configured
configure:11596: result: yes
configure:11916: checking for strnlen
configure:11916: gcc -o conftest -g -O2 -pipe -D_REENTRANT -D_GNU_SOURCE -D_FILE_OFFSET_BITS=64 -fPIC  -fno-strict-aliasing -ffloat-store   conftest.c -ldl -lm -lpthread -lrt >&5
conftest.c:104:6: warning: conflicting types for built-in function 'strnlen'; expected 'long unsigned int(const char *, long unsigned int)' [-Wbuiltin-declaration-mismatch]
  104 | char strnlen ();
      |      ^~~~~~~
configure:11916: $? = 0
configure:11916: result: yes
configure:11927: checking whether to use ODBC
configure:11993: result: yes, if possible
configure:12000: checking for ODBC support
configure:12056: checking for SQLAllocHandle in -lodbc
configure:12081: gcc -o conftest -g -O2 -pipe -D_REENTRANT -D_GNU_SOURCE -D_FILE_OFFSET_BITS=64 -fPIC  -fno-strict-aliasing -ffloat-store   conftest.c -lodbc  -ldl -lm -lpthread -lrt >&5
/usr/bin/ld: cannot find -lodbc: No such file or directory
collect2: error: ld returned 1 exit status
configure:12081: $? = 1
configure: failed program was:
| /* confdefs.h */
| #define PACKAGE_NAME ""
| #define PACKAGE_TARNAME ""
| #define PACKAGE_VERSION ""
| #define PACKAGE_STRING ""
| #define PACKAGE_BUGREPORT ""
| #define PACKAGE_URL ""
| #define SP_NEW_DBG_POLICY 1
| #define SICSTUS_RELEASE_BUILD 1
| #define SICSTUS_MAJOR_VERSION 4
| #define SICSTUS_MINOR_VERSION 6
| #define SICSTUS_REVISION_VERSION 0
| #define SICSTUS_BETA_VERSION 0
| #define SICSTUS_VERSION_STRING "4.6.0"
| #define SICSTUS_VERSION  40600
| #define SP_GET_DISPATCH_NAME  SP_get_dispatch_40600
| #define SP_CLAUSE_ISO_BODY 1
| #define SP_CLAUSE_ISO_BODY_NO_META_ARGUMENT_WRAPPING 1
| #define RTKERNEL_INSTANCE_TEMPLATE_STRING "libsprt4-6-0-instance-XX"
| #define RELEASE_YEAR 2025
| #define SP_USE_GCC_VISIBILITY 1
| #define HAVE_LINUX_PROC_SELF_EXE 1
| #define SETITIMER_EARLY 1
| #define FLI_APPLY_ASM_SYSV_ABI_X86_64 1
| #define SP_X64 1
| #define SP_HUGEPAGES 1
| #define SP_HUGEPAGES_DEFAULT 0
| #define HAVE_PROC_SELF_FD 1
| #define SP_NO_MULTI_SP_FEATURE 0
| #define SP_JIT_ABI_STRING "linuxx64"
| #define SP_RTSYS_DIRNAME "sp-4.6.0"
| #define SP_EMULATOR_DIRNAME "sicstus-4.6.0"
| #define SPCDECL 
| #define SHSFX "so"
| #define FLI_SHSFX "so"
| #define RTKERNEL_BASENAME_WITH_DSO_SUFFIX_STRING "libsprt4-6-0.so"
| #define SHPRE "lib"
| #define SYSTEM_NAME "x86_64-linux-glibc2.39"
| #define SOLARIS_THREADS 0
| #define POSIX_SIGNALS 1
| #define ENABLE_CLPFD 1
| #define STDC_HEADERS 1
| #define HAVE_SYS_TYPES_H 1
| #define HAVE_SYS_STAT_H 1
| #define HAVE_STDLIB_H 1
| #define HAVE_STRING_H 1
| #define HAVE_MEMORY_H 1
| #define HAVE_STRINGS_H 1
| #define HAVE_INTTYPES_H 1
| #define HAVE_STDINT_H 1
| #define HAVE_UNISTD_H 1
| #define SIZEOF_VOID_P 8
| #define SIZEOF_SHORT 2
| #define SP_SIZEOF_SHORT 2
| #define SIZEOF_INT 4
| #define SP_SIZEOF_INT 4
| #define SIZEOF_LONG 8
| #define SP_SIZEOF_LONG 8
| #define SIZEOF_VOID_P 8
| #define SP_SIZEOF_VOID_P 8
| #define ALIGNOF_SHORT 2
| #define ALIGNOF_INT 4
| #define ALIGNOF_LONG 8
| #define ALIGNOF_LONG_LONG 8
| #define ALIGNOF_FLOAT 4
| #define ALIGNOF_DOUBLE 8
| #define ALIGNOF_VOID_P 8
| #define LogSizeOfWord 3
| #define SIZEOF_LONG_LONG 8
| #define SP_SIZEOF_LONG_LONG 8
| #define SIZEOF___INT128 16
| #define SP_SIZEOF___INT128 16
| #define SIZEOF___INT128_T 16
| #define SP_SIZEOF___INT128_T 16
| #define SIZEOF___UINT128_T 16
| #define SP_SIZEOF___UINT128_T 16
| #define SIZEOF___INT64 0
| #define SP_SIZEOF___INT64 0
| #define X_DISPLAY_MISSING 1
| #define HAVE_STRNLEN 1
| /* end confdefs.h.  */
| 
| /* Override any GCC internal prototype to avoid an error.
|    Use char because int might match the return type of a GCC
|    builtin and then its argument prototype would still apply.  */
| #ifdef __cplusplus
| extern "C"
| #endif
| char SQLAllocHandle ();
| int
| main ()
| {
| return SQLAllocHandle ();
|   ;
|   return 0;
| }
configure:12090: result: no
configure:12165: checking for Java support
configure:12208: result: enabled
configure:12222: checking whether SICStus should use Java JNI
configure:12238: result: yes
configure:12422: checking for default path to Java
configure:12427: result: none
configure:12438: checking for Java in PATH
configure:12440: result: 
configure:12444: checking for javac
configure:12477: result: no
configure:12555: checking for path to Java
configure:12561: result: not found, giving up
configure:14015: checking Tcl/Tk
configure:14336: checking Tcl/Tk install directories
configure:14339: result: not found
configure:14727: checking if paths to third-party libraries should be embedded in the sicstus development system
configure:14738: result: no
configure:14759: checking if paths to Berkeley DB libraries should be embedded
configure:14761: result: no
configure:14779: checking for extra spld flags for SICStus development system
configure:14785: result: none
configure:14792: checking whether spld --moveable should be the default
configure:14813: result: yes
configure:14819: checking if spld should generate wrapper script by default
configure:14821: result: no
configure:14827: checking if spld --moveable implies --wrapper
configure:14829: result: no
configure:14844: checking special spld flags for SICStus tools
configure:14850: result: 
configure:14860: checking whether C compiler warnings should be fatal
configure:14867: result: no
configure:14871: checking whether implicit conversion to smaller type should generate warning
configure:14878: result: no
configure:14893: checking whether spld/splfr should use a special C compiler
configure:14914: result: no (gcc)
configure:14921: checking C compiler flags for spld/splfr
configure:14930: result: -g -O2 -pipe -D_REENTRANT -D_GNU_SOURCE -D_FILE_OFFSET_BITS=64 -fPIC
configure:14933: checking C compiler flags
configure:14936: result: -g -O2 -pipe -D_REENTRANT -D_GNU_SOURCE -D_FILE_OFFSET_BITS=64 -fPIC  -fno-strict-aliasing -ffloat-store  -Wdeclaration-after-statement -Wmissing-declarations -Wstrict-prototypes -Wunused  -Wall -Wstrict-aliasing -Wdisabled-optimization -Wmissing-prototypes -Wnested-externs -Wpointer-arith -W -Wno-sign-compare -fno-common -fomit-frame-pointer -fvisibility=hidden
configure:14939: checking extra C compiler flags for wam.c
configure:14945: result: none
configure:14950: checking C compiler flags for dynamic linking
configure:14952: result: 
configure:14954: checking linker flags
configure:14956: result: 
configure:14959: checking LDFLAGS for spld generated executables
configure:14961: result: 
configure:14963: checking LIBS for spld generated executables
configure:14965: result: -ldl -lm -lpthread -lrt
configure:14968: checking LIBS for spld generated JNI lib
configure:14970: result: 
configure:14973: checking dynamic linker
configure:14975: result: gcc
configure:14977: checking dynamic linker flags
configure:14979: result: -shared   
configure:14985: checking tests to skip
configure:14987: result: cplus cplus_stat
configure:14991: checking tests expected to fail
configure:14993: result: none
configure:15001: checking splfr SHLD post-processing
configure:15010: result: none
configure:15017: checking splfr --static post-processing
configure:15026: result: none
configure:15282: creating ./config.status

## ---------------------- ##
## Running config.status. ##
## ---------------------- ##

This file was extended by config.status, which was
generated by GNU Autoconf 2.69.  Invocation command line was

  CONFIG_FILES    = 
  CONFIG_HEADERS  = 
  CONFIG_LINKS    = 
  CONFIG_COMMANDS = 
  $ ./config.status 

on DESKTOP-0N9CJB5

config.status:16089: creating Common

## ---------------- ##
## Cache variables. ##
## ---------------- ##

ac_cv_alignof_double='8'
ac_cv_alignof_float='4'
ac_cv_alignof_int='4'
ac_cv_alignof_long='8'
ac_cv_alignof_long_long='8'
ac_cv_alignof_short='2'
ac_cv_alignof_void_p='8'
ac_cv_c_bigendian='no'
ac_cv_c_compiler_gnu='yes'
ac_cv_env_AR_set=''
ac_cv_env_AR_value=''
ac_cv_env_BASH_set=''
ac_cv_env_BASH_value=''
ac_cv_env_BENCH_ITERATIONS_SCALE_set=''
ac_cv_env_BENCH_ITERATIONS_SCALE_value=''
ac_cv_env_CCC_set=''
ac_cv_env_CCC_value=''
ac_cv_env_CC_set=''
ac_cv_env_CC_value=''
ac_cv_env_CFLAGS_set=''
ac_cv_env_CFLAGS_value=''
ac_cv_env_CPPFLAGS_set=''
ac_cv_env_CPPFLAGS_value=''
ac_cv_env_CPP_set=''
ac_cv_env_CPP_value=''
ac_cv_env_CSC_set=''
ac_cv_env_CSC_value=''
ac_cv_env_CXXFLAGS_set=''
ac_cv_env_CXXFLAGS_value=''
ac_cv_env_CXX_set=''
ac_cv_env_CXX_value=''
ac_cv_env_DOTNET_LAUNCHER_ARGS_set=''
ac_cv_env_DOTNET_LAUNCHER_ARGS_value=''
ac_cv_env_DOTNET_LAUNCHER_set=''
ac_cv_env_DOTNET_LAUNCHER_value=''
ac_cv_env_DOTNET_set=''
ac_cv_env_DOTNET_value=''
ac_cv_env_LDFLAGS_set=''
ac_cv_env_LDFLAGS_value=''
ac_cv_env_LIBS_set=''
ac_cv_env_LIBS_value=''
ac_cv_env_MAKE_set=''
ac_cv_env_MAKE_value=''
ac_cv_env_MINIZINC_BIN_DIR_set=''
ac_cv_env_MINIZINC_BIN_DIR_value=''
ac_cv_env_MINIZINC_DIR_set=''
ac_cv_env_MINIZINC_DIR_value=''
ac_cv_env_MINIZINC_set=''
ac_cv_env_MINIZINC_value=''
ac_cv_env_PERL_set=''
ac_cv_env_PERL_value=''
ac_cv_env_POSIX_GREP_set=''
ac_cv_env_POSIX_GREP_value=''
ac_cv_env_POSIX_SHELL_set=''
ac_cv_env_POSIX_SHELL_value=''
ac_cv_env_SORT_set=''
ac_cv_env_SORT_value=''
ac_cv_env_UNAME_set=''
ac_cv_env_UNAME_value=''
ac_cv_env_VALGRIND_FLAGS_set=''
ac_cv_env_VALGRIND_FLAGS_value=''
ac_cv_env_VALGRIND_SUPPRESSIONS_FILES_set=''
ac_cv_env_VALGRIND_SUPPRESSIONS_FILES_value=''
ac_cv_env_VALGRIND_set=''
ac_cv_env_VALGRIND_value=''
ac_cv_env_XMKMF_set=''
ac_cv_env_XMKMF_value=''
ac_cv_env_build_alias_set=''
ac_cv_env_build_alias_value=''
ac_cv_env_host_alias_set=''
ac_cv_env_host_alias_value=''
ac_cv_env_target_alias_set=''
ac_cv_env_target_alias_value=''
ac_cv_exeext=''
ac_cv_func_strnlen='yes'
ac_cv_have_x='have_x=no'
ac_cv_header_inttypes_h='yes'
ac_cv_header_memory_h='yes'
ac_cv_header_stdc='yes'
ac_cv_header_stdint_h='yes'
ac_cv_header_stdlib_h='yes'
ac_cv_header_string_h='yes'
ac_cv_header_strings_h='yes'
ac_cv_header_sys_stat_h='yes'
ac_cv_header_sys_types_h='yes'
ac_cv_header_unistd_h='yes'
ac_cv_lib_db_5_3___db_env_create='yes'
ac_cv_lib_odbc_SQLAllocHandle='no'
ac_cv_objext='o'
ac_cv_path_BASH='/usr/bin/bash'
ac_cv_path_EGREP='/usr/bin/grep -E'
ac_cv_path_GREP='/usr/bin/grep'
ac_cv_path_MAKE='/usr/bin/make'
ac_cv_path_PERL='/usr/bin/perl'
ac_cv_path_SORT='/bin/sort'
ac_cv_path_STDTAR='/bin/tar'
ac_cv_path_UNAME='/usr/bin/uname'
ac_cv_path_ZCAT='/usr/bin/zcat'
ac_cv_prog_AR='ar'
ac_cv_prog_CHMOD='chmod'
ac_cv_prog_CP='cp'
ac_cv_prog_CPP='gcc -E'
ac_cv_prog_MV='mv'
ac_cv_prog_RM='rm'
ac_cv_prog_ac_ct_CC='gcc'
ac_cv_prog_ac_ct_RANLIB='ranlib'
ac_cv_prog_cc_c89=''
ac_cv_prog_cc_g='yes'
ac_cv_prog_make__usr_bin_make_set='yes'
ac_cv_sizeof___int128='16'
ac_cv_sizeof___int128_t='16'
ac_cv_sizeof___int64='0'
ac_cv_sizeof___uint128_t='16'
ac_cv_sizeof_int='4'
ac_cv_sizeof_long='8'
ac_cv_sizeof_long_long='8'
ac_cv_sizeof_short='2'
ac_cv_sizeof_void_p='8'

## ----------------- ##
## Output variables. ##
## ----------------- ##

AR='ar'
ARFLAGS=''
BASH='/usr/bin/bash'
BDBINC=''
BDBLIB='-ldb-5.3'
BDB_MODULE='bdb.po'
BDB_PATH='system'
BENCH_ITERATIONS_SCALE='100'
CC='gcc'
CC_IS_CLANG='no'
CC_IS_GCC='yes'
CC_NOLIBPATH=''
CC_ROPT='-Wl,-rpath,'
CC_WERROR='-Werror'
CC_WNO_CONVERSION_OPTION='-Wno-conversion'
CC_WNO_IMPLICIT_FALLTHROUGH_OPTION='-Wno-implicit-fallthrough'
CFLAGS='-g -O2 -pipe -D_REENTRANT -D_GNU_SOURCE -D_FILE_OFFSET_BITS=64 -fPIC  -fno-strict-aliasing -ffloat-store  -Wdeclaration-after-statement -Wmissing-declarations -Wstrict-prototypes -Wunused  -Wall -Wstrict-aliasing -Wdisabled-optimization -Wmissing-prototypes -Wnested-externs -Wpointer-arith -W -Wno-sign-compare -fno-common -fomit-frame-pointer -fvisibility=hidden'
CHARMAINOBJ='charmain.o intrpt.o '
CHMOD='chmod'
CHR_MODULE='chr.po'
CODETYPE=''
COMCLIENTLIB=''
CP='cp'
CPP='gcc -E'
CPPFLAGS=''
CPUCOUNTCOMMAND=':'
CSC='no'
CSCFLAGS=''
CXX='gcc'
CXXFLAGS=''
CYGPATH='echo'
CYGPATHBACKSLASH='echo'
CYGWIN_MAKEFILE_ENV_EXPORTS=''
DBGFLAG='yes'
DEBUG_BUILD='no'
DEFS='-DPACKAGE_NAME=\"\" -DPACKAGE_TARNAME=\"\" -DPACKAGE_VERSION=\"\" -DPACKAGE_STRING=\"\" -DPACKAGE_BUGREPORT=\"\" -DPACKAGE_URL=\"\" -DSP_NEW_DBG_POLICY=1 -DSICSTUS_RELEASE_BUILD=1 -DSICSTUS_MAJOR_VERSION=4 -DSICSTUS_MINOR_VERSION=6 -DSICSTUS_REVISION_VERSION=0 -DSICSTUS_BETA_VERSION=0 -DSICSTUS_VERSION_STRING=\"4.6.0\" -DSICSTUS_VERSION=40600 -DSP_GET_DISPATCH_NAME=SP_get_dispatch_40600 -DSP_CLAUSE_ISO_BODY=1 -DSP_CLAUSE_ISO_BODY_NO_META_ARGUMENT_WRAPPING=1 -DRTKERNEL_INSTANCE_TEMPLATE_STRING=\"libsprt4-6-0-instance-XX\" -DRELEASE_YEAR=2025 -DSP_USE_GCC_VISIBILITY=1 -DHAVE_LINUX_PROC_SELF_EXE=1 -DSETITIMER_EARLY=1 -DFLI_APPLY_ASM_SYSV_ABI_X86_64=1 -DSP_X64=1 -DSP_HUGEPAGES=1 -DSP_HUGEPAGES_DEFAULT=0 -DHAVE_PROC_SELF_FD=1 -DSP_NO_MULTI_SP_FEATURE=0 -DSP_JIT_ABI_STRING=\"linuxx64\" -DSP_RTSYS_DIRNAME=\"sp-4.6.0\" -DSP_EMULATOR_DIRNAME=\"sicstus-4.6.0\" -DSPCDECL= -DSHSFX=\"so\" -DFLI_SHSFX=\"so\" -DRTKERNEL_BASENAME_WITH_DSO_SUFFIX_STRING=\"libsprt4-6-0.so\" -DSHPRE=\"lib\" -DSYSTEM_NAME=\"x86_64-linux-glibc2.39\" -DSOLARIS_THREADS=0 -DPOSIX_SIGNALS=1 -DENABLE_CLPFD=1 -DSTDC_HEADERS=1 -DHAVE_SYS_TYPES_H=1 -DHAVE_SYS_STAT_H=1 -DHAVE_STDLIB_H=1 -DHAVE_STRING_H=1 -DHAVE_MEMORY_H=1 -DHAVE_STRINGS_H=1 -DHAVE_INTTYPES_H=1 -DHAVE_STDINT_H=1 -DHAVE_UNISTD_H=1 -DSIZEOF_VOID_P=8 -DSIZEOF_SHORT=2 -DSP_SIZEOF_SHORT=2 -DSIZEOF_INT=4 -DSP_SIZEOF_INT=4 -DSIZEOF_LONG=8 -DSP_SIZEOF_LONG=8 -DSIZEOF_VOID_P=8 -DSP_SIZEOF_VOID_P=8 -DALIGNOF_SHORT=2 -DALIGNOF_INT=4 -DALIGNOF_LONG=8 -DALIGNOF_LONG_LONG=8 -DALIGNOF_FLOAT=4 -DALIGNOF_DOUBLE=8 -DALIGNOF_VOID_P=8 -DLogSizeOfWord=3 -DSIZEOF_LONG_LONG=8 -DSP_SIZEOF_LONG_LONG=8 -DSIZEOF___INT128=16 -DSP_SIZEOF___INT128=16 -DSIZEOF___INT128_T=16 -DSP_SIZEOF___INT128_T=16 -DSIZEOF___UINT128_T=16 -DSP_SIZEOF___UINT128_T=16 -DSIZEOF___INT64=0 -DSP_SIZEOF___INT64=0 -DX_DISPLAY_MISSING=1 -DHAVE_STRNLEN=1'
DOTNET=''
DOTNET_LAUNCHER=''
DOTNET_LAUNCHER_ARGS=''
DSMAINOBJ='main.o'
DT_CC=''
DT_CC_PATH=''
DT_CFLAGS=''
DT_CPPFLAGS=''
DT_ENV_INCLUDE=''
DT_ENV_LIB=''
DT_LIBS=''
DT_OUTPUT_OPT=''
ECHO_C=''
ECHO_N='-n'
ECHO_T=''
EGREP='/usr/bin/grep -E'
EMACS_MODE_LINE_BUFFER_READONLY='"; buffer-read-only:t; dummy2:"'
ENABLE_CLPFD='yes'
ENABLE_JAVA='no'
ENABLE_JAVA_JNI='no'
ENABLE_STATLIB='yes'
EXEEXT=''
EXPECT_WARNINGS_MULTI_SP_C='no'
EXPFILE_SYMBOL_PREFIX=''
FLI_SHSFX='so'
GCCLIB=''
GREP='/usr/bin/grep'
HAVE_SYSV_ORIGIN='yes'
HIGH_RESOLUTION_TIME_CP='no'
IMPLIB=''
INCR_CFLAGS=''
INSTALLER_BDB_DIRS=''
INSTALLER_BDB_VERSION=''
INSTALLER_HAS_BDB='yes'
INSTALLER_HAS_JAVA_JNI='no'
INSTALLER_HAS_ODBC='no'
INSTALLER_HAS_TCLTK='no'
INSTALLER_JAVA_DIRS=''
INSTALLER_JAVA_VERSION=''
INSTALLER_TCLTK_DIRS=''
INSTALLER_TCLTK_VERSION='8.5'
JAR=''
JASPER_ENV_ARGS=''
JASPER_MODULE=''
JASPER_SPLFR_FLAGS=''
JAVAC=''
JAVACDBGFLAGS=''
JAVACFLAGS=''
JAVADOC=''
JAVADOCFLAGS=''
JAVAEXEC=''
JAVAEXEC_ENV_ARGS=''
JAVAH=''
JAVAINC=''
JAVALIB=''
JAVA_CLASSPATH=''
JAVA_EXECOPTS=''
JDK_PATH=''
JDK_RPATH=''
JIT='yes'
JIT_PPC64LE=''
JNI_SHSFX='so'
KERNEL_SHLD_FLAGS=''
KERNEL_SHLD_GENIMPLIB=''
LC_ALL_UTF8_LOCALE_NAME='en_US.utf8'
LD='ld'
LDFLAGS=''
LD_BUILDS_RPATH_FROM_L='no'
LD_LIBRARY_PATH_name='LD_LIBRARY_PATH'
LD_R='ld -r'
LIBOBJS=''
LIBS='-ldl -lm -lpthread -lrt'
LN='ln -s'
LN_S='ln -s'
LTLIBOBJS=''
M4_FLAGS=''
MACOSX_MAKEFILE_ENV_EXPORTS=''
MACOSX_MALLOC_SCRIBBLE_KLUDGE=''
MAKE='/usr/bin/make'
MALLOC_ENV=''
MAPFILEOPT='-Wl,--version-script='
MINIZINC=''
MINIZINC_BIN_DIR=''
MINIZINC_DIR=''
MKDIR='mkdir -p'
MV='mv'
NATIVEPATH='$(strip $(1))'
NATIVEPATHBACKSLASH='$(strip $(1))'
NMEDIT=''
NOLINK_OPT='-c'
NOLINK_OUTPUT_OPT='-o '
NOVERBOSE_FLAG=''
NO_UNKNOWN_PRAGMAS='-Wno-unknown-pragmas'
OBJEXT='o'
ODBCINC=''
ODBCLIB=''
ODBC_MODULE=''
OLDSICSTUS=''
OPAGENT_LIB=''
OUTPUT_OPT='-o '
PACKAGE_BUGREPORT=''
PACKAGE_NAME=''
PACKAGE_STRING=''
PACKAGE_TARNAME=''
PACKAGE_URL=''
PACKAGE_VERSION=''
PARMAKE=''
PATHSEP=':'
PATH_SEPARATOR=':'
PAX_ARCHIVE_FORMAT='cpio'
PCACHE='./platform.cache'
PERL='/usr/bin/perl'
PERLAPP_ENABLED=''
PERLAPP_MODE=''
PLATFORM='x86_64-linux-glibc2.39'
PLFLAGS=''
POSIX_GREP='/usr/bin/grep'
POSIX_SHELL='/usr/bin/sh'
QUOTECHAR='"'
RANLIB='ranlib'
RELEASE_MONTH='August'
RELEASE_YEAR='2025'
RESGEN_TYPE='cc'
RM='rm'
RMDUMMY=''
RTKERNEL_BASENAME_SANS_SUFFIX='libsprt4-6-0'
RTKERNEL_BASENAME_WITH_DSO_SUFFIX='libsprt4-6-0.so'
RTKERNEL_BASENAME_WITH_STAT_SUFFIX='libsprt4-6-0.a'
RTKERNEL_EXPFILE=''
RTKERNEL_INSTANCE_TEMPLATE='libsprt4-6-0-instance-XX'
SET_MAKE=''
SHELL='/usr/bin/sh'
SHLD='gcc'
SHLDFLAGS='-shared   '
SHLD_OUTPUT_OPT='-o '
SHLD_ROPT='-Wl,-rpath,'
SHLD_RTKERNELEXP=''
SHPRE='lib'
SHSFX='so'
SHVER=''
SICSTUS_BETA_VERSION='0'
SICSTUS_BUILD_VERSION='4.6.0.1000'
SICSTUS_MAJOR_VERSION='4'
SICSTUS_MICRO_VERSION='1000'
SICSTUS_MINOR_VERSION='6'
SICSTUS_RELEASE_BUILD='yes'
SICSTUS_REVISION_VERSION='0'
SICSTUS_VERSION='40600'
SICSTUS_VERSION_STRING='4.6.0'
SLEEP=''
SOCKETLIB=''
SORT='/bin/sort'
SPACEOUT_MODULE=''
SPAUXOBJ='spaux.o'
SPLD_CC='gcc'
SPLD_CONFIG_CFLAGS='-g -O2 -pipe -D_REENTRANT -D_GNU_SOURCE -D_FILE_OFFSET_BITS=64 -fPIC'
SPLD_CONFIG_FILE='/denis_user/local/sicstus4.6.0/bin/spconfig-4.6.0'
SPLD_CONFIG_FILE_BASENAME='spconfig-4.6.0'
SPLD_DSFLAGS=''
SPLD_EXE_EXTRA_RPATH=''
SPLD_EXE_LDFLAGS=''
SPLD_EXE_LIBS='-ldl -lm -lpthread -lrt'
SPLD_JNI_LIBS=''
SPLD_OPT_LOCALE_NAME_DEFAULT=''
SPLD_OPT_MOVEABLE_DEFAULT='yes'
SPLD_OPT_MOVEABLE_NEEDS_WRAPPER='no'
SPLD_OPT_USE_LOCALE_DEFAULT='yes'
SPLD_OPT_WRAPPER_DEFAULT='no'
SPLD_SHLD_JNILIB_FLAGS=''
SPLD_TOOLFLAGS=''
SPLFR_LD_EXPORT_ARG=''
SPLFR_LD_R_POST_PROCESS=''
SPLFR_LD_R_POST_PROCESS_EXPFILE_OPT=''
SPLFR_LD_R_POST_PROCESS_LIB_OPT=''
SPLFR_LD_r_FLAGS=''
SPLFR_SHLD='gcc'
SPLFR_SHLDFLAGS='-shared   '
SPLFR_SHLD_EXPORT_ARG='-Wl,--version-script=@SP_MAP_FILE@'
SPLFR_SHLD_LASTARG=''
SPLFR_SHLD_POST_PROCESS=''
SPLFR_SHLD_POST_PROCESS_EXPFILE_OPT=''
SPLFR_SHLD_POST_PROCESS_LIB_OPT=''
SPLM_LIBS=''
SP_64='yes'
SP_AVOID_PREFIX_MINUS_ARGUMENT_BRACKETING='no'
SP_BDB_LIB_BASE_NAME_UNIX='db-5.3'
SP_BDB_LIB_BASE_NAME_WIN='libdb53'
SP_BIGENDIAN='no'
SP_BINAUXDIR='/denis_user/local/sicstus4.6.0/lib/sicstus-4.6.0/bin'
SP_BINDIR='/denis_user/local/sicstus4.6.0/bin'
SP_CLAUSE_ISO_BODY='yes'
SP_CLAUSE_ISO_BODY_NO_META_ARGUMENT_WRAPPING='yes'
SP_DIRNAME='sicstus-4.6.0'
SP_GET_DISPATCH_NAME='SP_get_dispatch_40600'
SP_INSTALL_DECRYPT='./spdecrypt'
SP_INSTALL_ZCAT='zcat'
SP_JIT_ABI='linuxx64'
SP_JIT_PRELOAD_FAIL='none'
SP_JIT_USE_LQ_STQ='no'
SP_LIBRARY_DIR='/denis_user/local/sicstus4.6.0/lib/sicstus-4.6.0/library'
SP_NO_MEMORY_HOOKS=''
SP_NO_MULTI_SP_FEATURE='no'
SP_PATHDIR='/denis_user/local/sicstus4.6.0/lib/sicstus-4.6.0'
SP_POWER64=''
SP_ROOTLIBDIR='/denis_user/local/sicstus4.6.0/lib'
SP_RTSYS_DIRNAME='sp-4.6.0'
SP_RTSYS_DIRNAME_UNIX='sp-4.6.0'
SP_RTSYS_DIRNAME_WIN='sp-4.6.0'
SP_X64='yes'
SP_X86=''
STDTAR='/bin/tar'
STSFX='s.o'
SUITE_EXPECTED_FAILURES=''
SUITE_SKIPPED_TESTS='cplus cplus_stat'
SYSTEMLIB=''
TCLINC=''
TCLLIB=''
TCLTK_MODULE=''
TCLTK_PATH=''
TCL_LIBRARY=''
TCL_PATH=''
TIMEOUT_MODULE='timeout.po'
TK_LIBRARY=''
TK_PATH=''
TOP_SRCDIR='/home/denis_user/Smart-City-Waste-Management-System-SC-WMS-/sp-4.6.0-x86_64-linux-glibc2.17'
ULIMIT_CMD='ulimit'
ULIMIT_DATA=''
UNAME='/usr/bin/uname'
UNIX_RTKERNEL_BASENAME_SANS_SUFFIX='libsprt4-6-0'
USE_JAVAC_H_FOR_JNI_HEADERS=''
USE_PAX='no'
VALGRIND=''
VALGRIND_FLAGS='--alignment=16 --smc-check=all'
VALGRIND_SUPPRESSIONS_FILES=''
VERBOSE_FLAG='-v'
VJC=''
VJCFLAGS=''
WAMFILTER=''
WAM_O_CFLAGS_EXTRA=''
WIN32='no'
WIN32_EXTRAOBJS=''
WIN32_RTKERNEL_BASENAME_SANS_SUFFIX='sprt4-6-0'
WIN32_SPLD_CC_SPECIAL=''
WIN32_SPLD_SHLD_SPECIAL=''
WIN64='no'
WINCE='no'
WINMAINOBJ=''
XMKMF=''
X_CFLAGS=''
X_EXTRA_LIBS=''
X_LIBS=''
X_PRE_LIBS=''
ZCAT='/usr/bin/zcat'
ac_ct_CC='gcc'
ac_ct_CXX=''
bindir='${exec_prefix}/bin'
build_alias=''
datadir='${datarootdir}'
datarootdir='${prefix}/share'
docdir='${datarootdir}/doc/${PACKAGE}'
dvidir='${docdir}'
exec_prefix='/denis_user/local/sicstus4.6.0'
host_alias=''
htmldir='${docdir}'
includedir='/usr/include'
infodir='${datarootdir}/info'
java_in_path=''
libdir='${exec_prefix}/lib'
libexecdir='${exec_prefix}/libexec'
localedir='${datarootdir}/locale'
localstatedir='${prefix}/var'
mandir='${datarootdir}/man'
oldincludedir='/usr/include'
pdfdir='${docdir}'
prefix='/denis_user/local/sicstus4.6.0'
program_transform_name='s,x,x,'
psdir='${docdir}'
runstatedir='${localstatedir}/run'
sbindir='${exec_prefix}/sbin'
sharedstatedir='${prefix}/com'
sysconfdir='${prefix}/etc'
target_alias=''

## ----------- ##
## confdefs.h. ##
## ----------- ##

/* confdefs.h */
#define PACKAGE_NAME ""
#define PACKAGE_TARNAME ""
#define PACKAGE_VERSION ""
#define PACKAGE_STRING ""
#define PACKAGE_BUGREPORT ""
#define PACKAGE_URL ""
#define SP_NEW_DBG_POLICY 1
#define SICSTUS_RELEASE_BUILD 1
#define SICSTUS_MAJOR_VERSION 4
#define SICSTUS_MINOR_VERSION 6
#define SICSTUS_REVISION_VERSION 0
#define SICSTUS_BETA_VERSION 0
#define SICSTUS_VERSION_STRING "4.6.0"
#define SICSTUS_VERSION  40600
#define SP_GET_DISPATCH_NAME  SP_get_dispatch_40600
#define SP_CLAUSE_ISO_BODY 1
#define SP_CLAUSE_ISO_BODY_NO_META_ARGUMENT_WRAPPING 1
#define RTKERNEL_INSTANCE_TEMPLATE_STRING "libsprt4-6-0-instance-XX"
#define RELEASE_YEAR 2025
#define SP_USE_GCC_VISIBILITY 1
#define HAVE_LINUX_PROC_SELF_EXE 1
#define SETITIMER_EARLY 1
#define FLI_APPLY_ASM_SYSV_ABI_X86_64 1
#define SP_X64 1
#define SP_HUGEPAGES 1
#define SP_HUGEPAGES_DEFAULT 0
#define HAVE_PROC_SELF_FD 1
#define SP_NO_MULTI_SP_FEATURE 0
#define SP_JIT_ABI_STRING "linuxx64"
#define SP_RTSYS_DIRNAME "sp-4.6.0"
#define SP_EMULATOR_DIRNAME "sicstus-4.6.0"
#define SPCDECL 
#define SHSFX "so"
#define FLI_SHSFX "so"
#define RTKERNEL_BASENAME_WITH_DSO_SUFFIX_STRING "libsprt4-6-0.so"
#define SHPRE "lib"
#define SYSTEM_NAME "x86_64-linux-glibc2.39"
#define SOLARIS_THREADS 0
#define POSIX_SIGNALS 1
#define ENABLE_CLPFD 1
#define STDC_HEADERS 1
#define HAVE_SYS_TYPES_H 1
#define HAVE_SYS_STAT_H 1
#define HAVE_STDLIB_H 1
#define HAVE_STRING_H 1
#define HAVE_MEMORY_H 1
#define HAVE_STRINGS_H 1
#define HAVE_INTTYPES_H 1
#define HAVE_STDINT_H 1
#define HAVE_UNISTD_H 1
#define SIZEOF_VOID_P 8
#define SIZEOF_SHORT 2
#define SP_SIZEOF_SHORT 2
#define SIZEOF_INT 4
#define SP_SIZEOF_INT 4
#define SIZEOF_LONG 8
#define SP_SIZEOF_LONG 8
#define SIZEOF_VOID_P 8
#define SP_SIZEOF_VOID_P 8
#define ALIGNOF_SHORT 2
#define ALIGNOF_INT 4
#define ALIGNOF_LONG 8
#define ALIGNOF_LONG_LONG 8
#define ALIGNOF_FLOAT 4
#define ALIGNOF_DOUBLE 8
#define ALIGNOF_VOID_P 8
#define LogSizeOfWord 3
#define SIZEOF_LONG_LONG 8
#define SP_SIZEOF_LONG_LONG 8
#define SIZEOF___INT128 16
#define SP_SIZEOF___INT128 16
#define SIZEOF___INT128_T 16
#define SP_SIZEOF___INT128_T 16
#define SIZEOF___UINT128_T 16
#define SP_SIZEOF___UINT128_T 16
#define SIZEOF___INT64 0
#define SP_SIZEOF___INT64 0
#define X_DISPLAY_MISSING 1
#define HAVE_STRNLEN 1

configure: exit 0

## ---------------------- ##
## Running config.status. ##
## ---------------------- ##

This file was extended by config.status, which was
generated by GNU Autoconf 2.69.  Invocation command line was

  CONFIG_FILES    = 
  CONFIG_HEADERS  = 
  CONFIG_LINKS    = 
  CONFIG_COMMANDS = 
  $ ./config.status --file=distrib:distrib.in

on DESKTOP-0N9CJB5

config.status:16089: creating distrib

## ---------------------- ##
## Running config.status. ##
## ---------------------- ##

This file was extended by config.status, which was
generated by GNU Autoconf 2.69.  Invocation command line was

  CONFIG_FILES    = 
  CONFIG_HEADERS  = 
  CONFIG_LINKS    = 
  CONFIG_COMMANDS = 
  $ ./config.status --file=spld.config_tmp:spld.config.in

on DESKTOP-0N9CJB5

config.status:16089: creating spld.config_tmp
